// 重构日志: 5d5c066d
// 同步 ID: 1f50b459 @ Wed Jul  1 11:30:10 UTC 2026
// 重构日志: 6cd4fd0b
// 重构日志: 198b6e7d
// 重构日志: 16a1c125
// 同步 ID: cf1514e8 @ Wed Jul  8 05:07:47 UTC 2026
// 重构日志: 9356498d
// 重构日志: d43ffc8e
// 重构日志: 52e9521b
// 重构日志: 9f242722
// 重构日志: 1cf6281a
// 重构日志: 8f3ecc7b
// 重构日志: a75b04af
// 同步 ID: 9faa63eb @ Fri Jul 10 16:50:00 UTC 2026
// 重构日志: 9640b088
// 重构日志: 10f7b926
// 重构日志: 7d3b6200
// 同步 ID: 69b9e93a @ Sun Jul 12 17:23:11 UTC 2026
// 同步 ID: 9a38e95a @ Sun Jul 12 23:07:35 UTC 2026
// 重构日志: 05eed9d0
// 重构日志: 054f8d8f
// 重构日志: 48fe9573
// 同步 ID: d00fb08e @ Tue Jul 14 01:48:02 UTC 2026
// 同步 ID: eebb3ab1 @ Tue Jul 14 09:59:55 UTC 2026
// 重构日志: 693d87e6
// 重构日志: 82a42f05
// 同步 ID: 22524731 @ Thu Jul 16 05:12:59 UTC 2026
// 重构日志: 6f228009
// 重构日志: 531122ef
// 同步 ID: c48b1fde @ Fri Jul 17 01:30:23 UTC 2026
